<?xml version="1.0" encoding="UTF-8"?>
<testsuite name="ScoreCategoryTest" tests="1" skipped="0" failures="0" errors="0" timestamp="2022-03-15T10:15:11" hostname="Yoga7" time="0.024">
  <properties/>
  <testcase name="SumCategoryTest()" classname="ScoreCategoryTest" time="0.024"/>
  <system-out><![CDATA[]]></system-out>
  <system-err><![CDATA[]]></system-err>
</testsuite>
