<?xml version="1.0" encoding="UTF-8"?>
<testsuite name="ScoreCategoryTest" tests="1" skipped="0" failures="0" errors="0" timestamp="2022-03-12T16:56:57" hostname="Yoga7" time="0.023">
  <properties/>
  <testcase name="SumCategoryTest()" classname="ScoreCategoryTest" time="0.023"/>
  <system-out><![CDATA[]]></system-out>
  <system-err><![CDATA[]]></system-err>
</testsuite>
