<?xml version="1.0" encoding="UTF-8"?>
<testsuite name="ScoringTableTest" tests="10" skipped="0" failures="0" errors="0" timestamp="2022-03-12T16:56:57" hostname="Yoga7" time="0.025">
  <properties/>
  <testcase name="sumTest()" classname="ScoringTableTest" time="0.002"/>
  <testcase name="pokerTest()" classname="ScoringTableTest" time="0.003"/>
  <testcase name="smallScaleTest()" classname="ScoringTableTest" time="0.001"/>
  <testcase name="coupleTest()" classname="ScoringTableTest" time="0.003"/>
  <testcase name="yahtzeeTest()" classname="ScoringTableTest" time="0.002"/>
  <testcase name="doubleCoupleTest()" classname="ScoringTableTest" time="0.003"/>
  <testcase name="fullTest()" classname="ScoringTableTest" time="0.003"/>
  <testcase name="bigScaleTest()" classname="ScoringTableTest" time="0.002"/>
  <testcase name="trisTest()" classname="ScoringTableTest" time="0.002"/>
  <testcase name="upperScoreTest()" classname="ScoringTableTest" time="0.001"/>
  <system-out><![CDATA[]]></system-out>
  <system-err><![CDATA[]]></system-err>
</testsuite>
