<?xml version="1.0" encoding="UTF-8"?>
<testsuite name="PlayerTest" tests="3" skipped="0" failures="0" errors="0" timestamp="2022-03-15T10:15:11" hostname="Yoga7" time="0.03">
  <properties/>
  <testcase name="[1] Andrea" classname="PlayerTest" time="0.021"/>
  <testcase name="[2] Player1" classname="PlayerTest" time="0.002"/>
  <testcase name="[3] qwerty" classname="PlayerTest" time="0.001"/>
  <system-out><![CDATA[]]></system-out>
  <system-err><![CDATA[]]></system-err>
</testsuite>
