<?xml version="1.0" encoding="UTF-8"?>
<testsuite name="HighScoreTest" tests="4" skipped="0" failures="0" errors="0" timestamp="2022-03-14T15:35:34" hostname="Yoga7" time="0.042">
  <properties/>
  <testcase name="setScoreTest()" classname="HighScoreTest" time="0.021"/>
  <testcase name="getRecordTest()" classname="HighScoreTest" time="0.007"/>
  <testcase name="ableToLoadFormFileTest()" classname="HighScoreTest" time="0.002"/>
  <testcase name="ableToWriteToFileTest()" classname="HighScoreTest" time="0.008"/>
  <system-out><![CDATA[]]></system-out>
  <system-err><![CDATA[]]></system-err>
</testsuite>
