<?xml version="1.0" encoding="UTF-8"?>
<testsuite name="DiceTest" tests="2" skipped="0" failures="0" errors="0" timestamp="2022-03-08T17:15:16" hostname="Yoga7" time="0.02">
  <properties/>
  <testcase name="InstantiationSixFacesTest()" classname="DiceTest" time="0.018"/>
  <testcase name="InstantiationFiveFacesTest()" classname="DiceTest" time="0.001"/>
  <system-out><![CDATA[]]></system-out>
  <system-err><![CDATA[]]></system-err>
</testsuite>
