<?xml version="1.0" encoding="UTF-8"?>
<testsuite name="ScoringTableTest" tests="2" skipped="0" failures="0" errors="0" timestamp="2022-03-11T18:20:00" hostname="Yoga7" time="0.029">
  <properties/>
  <testcase name="CoupleTest()" classname="ScoringTableTest" time="0.025"/>
  <testcase name="upperScoreTest()" classname="ScoringTableTest" time="0.002"/>
  <system-out><![CDATA[]]></system-out>
  <system-err><![CDATA[]]></system-err>
</testsuite>
