<?xml version="1.0" encoding="UTF-8"?>
<testsuite name="DiceTest" tests="1" skipped="0" failures="0" errors="0" timestamp="2022-03-08T13:25:13" hostname="Yoga7" time="0.016">
  <properties/>
  <testcase name="InstantiationTest()" classname="DiceTest" time="0.016"/>
  <system-out><![CDATA[]]></system-out>
  <system-err><![CDATA[]]></system-err>
</testsuite>
