<?xml version="1.0" encoding="UTF-8"?>
<testsuite name="HighScoreTest" tests="1" skipped="0" failures="0" errors="0" timestamp="2022-03-14T13:55:03" hostname="Yoga7" time="0.018">
  <properties/>
  <testcase name="setScoreTest()" classname="HighScoreTest" time="0.018"/>
  <system-out><![CDATA[]]></system-out>
  <system-err><![CDATA[]]></system-err>
</testsuite>
