<?xml version="1.0" encoding="UTF-8"?>
<testsuite name="ScoringTableTest" tests="1" skipped="0" failures="0" errors="0" timestamp="2022-03-11T18:38:54" hostname="Yoga7" time="0.023">
  <properties/>
  <testcase name="doubleCoupleTest()" classname="ScoringTableTest" time="0.023"/>
  <system-out><![CDATA[]]></system-out>
  <system-err><![CDATA[]]></system-err>
</testsuite>
