<?xml version="1.0" encoding="UTF-8"?>
<testsuite name="HighScoreTest" tests="3" skipped="0" failures="0" errors="0" timestamp="2022-03-14T15:49:54" hostname="Yoga7" time="0.041">
  <properties/>
  <testcase name="setScoreTest()" classname="HighScoreTest" time="0.021"/>
  <testcase name="ableToLoadFormFileTest()" classname="HighScoreTest" time="0.006"/>
  <testcase name="ableToWriteToFileTest()" classname="HighScoreTest" time="0.011"/>
  <system-out><![CDATA[]]></system-out>
  <system-err><![CDATA[]]></system-err>
</testsuite>
